2021-06-01 22:36:43,302 - F:\Data\USTC-CS-Resources\CS\Database\lab\Bank-Mangement-System\bankdb\customer.py[line:84] - INFO: ()
2021-06-01 22:36:43,352 - F:\Data\USTC-CS-Resources\CS\Database\lab\Bank-Mangement-System\bankdb\customer.py[line:84] - INFO: [{'id': '350500200001011111', 'name': '小憨憨', 'phone': '123456', 'address': '憨憨家', 'cus_id': '350500200001011111', 'contacts.name': '小恐龙', 'contacts.phone': '181111', 'email': '666@hanhan.com', 'relation': '情侣'}]
2021-06-01 22:37:03,201 - INFO: ()
2021-06-01 22:37:03,250 - INFO: [{'id': '350500200001011111', 'name': '小憨憨', 'phone': '123456', 'address': '憨憨家', 'cus_id': '350500200001011111', 'contacts.name': '小恐龙', 'contacts.phone': '181111', 'email': '666@hanhan.com', 'relation': '情侣'}]
2021-06-01 22:39:58,395 - INFO: ()
2021-06-01 22:39:58,494 - INFO: [{'id': '350500200001011111', 'name': '小憨憨', 'phone': '123456', 'address': '憨憨家', 'cus_id': '350500200001011111', 'contacts.name': '小恐龙', 'contacts.phone': '181111', 'email': '666@hanhan.com', 'relation': '情侣'}]
2021-06-01 22:40:30,854 - INFO: ()
2021-06-01 22:40:30,855 - INFO: what
2021-06-01 22:40:30,929 - INFO: [{'id': '350500200001011111', 'name': '小憨憨', 'phone': '123456', 'address': '憨憨家', 'cus_id': '350500200001011111', 'contacts.name': '小恐龙', 'contacts.phone': '181111', 'email': '666@hanhan.com', 'relation': '情侣'}]
2021-06-01 22:40:30,929 - INFO: what
2021-06-01 22:57:39,503 - INFO: ()
2021-06-01 22:57:39,504 - INFO: what
2021-06-01 22:57:39,552 - INFO: [{'id': '350500200001011111', 'name': '小憨憨', 'phone': '123456', 'address': '憨憨家', 'cus_id': '350500200001011111', 'contacts.name': '小恐龙', 'contacts.phone': '181111', 'email': '666@hanhan.com', 'relation': '情侣'}]
2021-06-01 22:57:39,553 - INFO: what
2021-06-01 22:58:47,478 - INFO: ()
2021-06-01 22:58:47,478 - INFO: what
2021-06-01 22:58:47,552 - INFO: [{'id': '350500200001011111', 'name': '小憨憨', 'phone': '123456', 'address': '憨憨家', 'cus_id': '350500200001011111', 'contacts.name': '小恐龙', 'contacts.phone': '181111', 'email': '666@hanhan.com', 'relation': '情侣'}]
2021-06-01 22:58:47,553 - INFO: what
2021-06-01 22:58:50,702 - INFO: ()
2021-06-01 22:58:50,702 - INFO: what
2021-06-01 22:58:50,751 - INFO: [{'id': '350500200001011111', 'name': '小憨憨', 'phone': '123456', 'address': '憨憨家', 'cus_id': '350500200001011111', 'contacts.name': '小恐龙', 'contacts.phone': '181111', 'email': '666@hanhan.com', 'relation': '情侣'}]
2021-06-01 22:58:50,751 - INFO: what
2021-06-01 22:59:25,249 - INFO: ()
2021-06-01 22:59:25,249 - INFO: what
2021-06-01 22:59:25,298 - INFO: [{'id': '350500200001011111', 'name': '小憨憨', 'phone': '123456', 'address': '憨憨家', 'cus_id': '350500200001011111', 'contacts.name': '小恐龙', 'contacts.phone': '181111', 'email': '666@hanhan.com', 'relation': '情侣'}]
2021-06-01 22:59:25,298 - INFO: what
2021-06-01 22:59:46,390 - INFO: ()
2021-06-01 22:59:46,390 - INFO: what
2021-06-01 22:59:46,449 - INFO: [{'id': '350500200001011111', 'name': '小憨憨', 'phone': '123456', 'address': '憨憨家', 'cus_id': '350500200001011111', 'contacts.name': '小恐龙', 'contacts.phone': '181111', 'email': '666@hanhan.com', 'relation': '情侣'}]
2021-06-01 22:59:46,449 - INFO: what
2021-06-01 23:01:04,529 - INFO: ()
2021-06-01 23:01:04,529 - INFO: what
2021-06-01 23:01:04,603 - INFO: [{'id': '350500200001011111', 'name': '小憨憨', 'phone': '123456', 'address': '憨憨家', 'cus_id': '350500200001011111', 'contacts.name': '小恐龙', 'contacts.phone': '181111', 'email': '666@hanhan.com', 'relation': '情侣'}]
2021-06-01 23:01:04,603 - INFO: what
2021-06-01 23:10:44,256 - INFO: ()
2021-06-01 23:10:44,256 - INFO: what
2021-06-01 23:10:44,305 - INFO: [{'id': '350500200001011111', 'name': '小憨憨', 'phone': '123456', 'address': '憨憨家', 'cus_id': '350500200001011111', 'contacts.name': '小恐龙', 'contacts.phone': '181111', 'email': '666@hanhan.com', 'relation': '情侣'}]
2021-06-01 23:10:44,305 - INFO: what
2021-06-01 23:11:16,184 - INFO: ()
2021-06-01 23:11:16,184 - INFO: what
2021-06-01 23:11:16,233 - INFO: [{'id': '350500200001011111', 'name': '小憨憨', 'phone': '123456', 'address': '憨憨家', 'cus_id': '350500200001011111', 'contacts.name': '小恐龙', 'contacts.phone': '181111', 'email': '666@hanhan.com', 'relation': '情侣'}]
2021-06-01 23:11:16,233 - INFO: what
2021-06-01 23:11:24,801 - INFO: ()
2021-06-01 23:11:24,801 - INFO: what
2021-06-01 23:11:24,899 - INFO: [{'id': '350500200001011111', 'name': '小憨憨', 'phone': '123456', 'address': '憨憨家', 'cus_id': '350500200001011111', 'contacts.name': '小恐龙', 'contacts.phone': '181111', 'email': '666@hanhan.com', 'relation': '情侣'}]
2021-06-01 23:11:24,900 - INFO: what
2021-06-01 23:11:36,138 - INFO: ()
2021-06-01 23:11:36,138 - INFO: what
2021-06-01 23:11:36,213 - INFO: [{'id': '350500200001011111', 'name': '小憨憨', 'phone': '123456', 'address': '憨憨家', 'cus_id': '350500200001011111', 'contacts.name': '小恐龙', 'contacts.phone': '181111', 'email': '666@hanhan.com', 'relation': '情侣'}]
2021-06-01 23:11:36,213 - INFO: what
2021-06-01 23:14:53,390 - INFO: ()
2021-06-01 23:14:53,391 - INFO: what
2021-06-01 23:14:53,440 - INFO: [{'id': '350500200001011111', 'name': '小憨憨', 'phone': '123456', 'address': '憨憨家', 'cus_id': '350500200001011111', 'contacts.name': '小恐龙', 'contacts.phone': '181111', 'email': '666@hanhan.com', 'relation': '情侣'}]
2021-06-01 23:14:53,440 - INFO: what
2021-06-01 23:15:24,266 - INFO: ()
2021-06-01 23:15:24,266 - INFO: what
2021-06-01 23:15:24,315 - INFO: [{'id': '350500200001011111', 'name': '小憨憨', 'phone': '123456', 'address': '憨憨家', 'cus_id': '350500200001011111', 'contacts.name': '小恐龙', 'contacts.phone': '181111', 'email': '666@hanhan.com', 'relation': '情侣'}]
2021-06-01 23:15:24,315 - INFO: what
2021-06-01 23:15:24,315 - INFO: 
            insert into customer ('dict_keys([\'cus_name\'])')
            values ('dict_values([\'大憨憨\'])');
        
2021-06-01 23:20:14,546 - INFO: ()
2021-06-01 23:20:14,546 - INFO: what
2021-06-01 23:20:14,619 - INFO: [{'id': '350500200001011111', 'name': '小憨憨', 'phone': '123456', 'address': '憨憨家', 'cus_id': '350500200001011111', 'contacts.name': '小恐龙', 'contacts.phone': '181111', 'email': '666@hanhan.com', 'relation': '情侣'}]
2021-06-01 23:20:14,620 - INFO: what
2021-06-01 23:21:54,394 - INFO: ()
2021-06-01 23:21:54,394 - INFO: what
2021-06-01 23:21:54,444 - INFO: [{'id': '350500200001011111', 'name': '小憨憨', 'phone': '123456', 'address': '憨憨家', 'cus_id': '350500200001011111', 'contacts.name': '小恐龙', 'contacts.phone': '181111', 'email': '666@hanhan.com', 'relation': '情侣'}]
2021-06-01 23:21:54,444 - INFO: what
2021-06-01 23:26:46,220 - INFO: ()
2021-06-01 23:26:46,220 - INFO: what
2021-06-01 23:26:46,269 - INFO: [{'id': '350500200001011111', 'name': '小憨憨', 'phone': '123456', 'address': '憨憨家', 'cus_id': '350500200001011111', 'contacts.name': '小恐龙', 'contacts.phone': '181111', 'email': '666@hanhan.com', 'relation': '情侣'}]
2021-06-01 23:26:46,270 - INFO: what
2021-06-01 23:27:10,108 - INFO: ()
2021-06-01 23:27:10,108 - INFO: what
2021-06-01 23:27:10,182 - INFO: [{'id': '350500200001011111', 'name': '小憨憨', 'phone': '123456', 'address': '憨憨家', 'cus_id': '350500200001011111', 'contacts.name': '小恐龙', 'contacts.phone': '181111', 'email': '666@hanhan.com', 'relation': '情侣'}]
2021-06-01 23:27:10,183 - INFO: what
2021-06-01 23:27:25,703 - INFO: ()
2021-06-01 23:27:25,703 - INFO: what
2021-06-01 23:27:25,826 - INFO: [{'id': '350500200001011111', 'name': '小憨憨', 'phone': '123456', 'address': '憨憨家', 'cus_id': '350500200001011111', 'contacts.name': '小恐龙', 'contacts.phone': '181111', 'email': '666@hanhan.com', 'relation': '情侣'}]
2021-06-01 23:27:25,826 - INFO: what
2021-06-01 23:27:43,256 - INFO: ()
2021-06-01 23:27:43,256 - INFO: what
2021-06-01 23:27:43,329 - INFO: [{'id': '350500200001011111', 'name': '小憨憨', 'phone': '123456', 'address': '憨憨家', 'cus_id': '350500200001011111', 'contacts.name': '小恐龙', 'contacts.phone': '181111', 'email': '666@hanhan.com', 'relation': '情侣'}]
2021-06-01 23:27:43,329 - INFO: what
2021-06-01 23:28:15,466 - INFO: ()
2021-06-01 23:28:15,466 - INFO: what
2021-06-01 23:28:15,539 - INFO: [{'id': '350500200001011111', 'name': '小憨憨', 'phone': '123456', 'address': '憨憨家', 'cus_id': '350500200001011111', 'contacts.name': '小恐龙', 'contacts.phone': '181111', 'email': '666@hanhan.com', 'relation': '情侣'}]
2021-06-01 23:28:15,540 - INFO: what
2021-06-01 23:28:32,366 - INFO: ()
2021-06-01 23:28:32,367 - INFO: what
2021-06-01 23:28:32,416 - INFO: [{'id': '350500200001011111', 'name': '小憨憨', 'phone': '123456', 'address': '憨憨家', 'cus_id': '350500200001011111', 'contacts.name': '小恐龙', 'contacts.phone': '181111', 'email': '666@hanhan.com', 'relation': '情侣'}]
2021-06-01 23:28:32,416 - INFO: what
2021-06-01 23:28:32,417 - INFO: [{'id': '350500200001011111', 'name': '小憨憨', 'phone': '123456', 'address': '憨憨家', 'cus_id': '350500200001011111', 'contacts.name': '小恐龙', 'contacts.phone': '181111', 'email': '666@hanhan.com', 'relation': '情侣'}]
2021-06-01 23:28:32,417 - INFO: what
2021-06-01 23:28:41,486 - INFO: ()
2021-06-01 23:28:41,486 - INFO: what
2021-06-01 23:28:41,561 - INFO: [{'id': '350500200001011111', 'name': '小憨憨', 'phone': '123456', 'address': '憨憨家', 'cus_id': '350500200001011111', 'contacts.name': '小恐龙', 'contacts.phone': '181111', 'email': '666@hanhan.com', 'relation': '情侣'}]
2021-06-01 23:28:41,561 - INFO: what
2021-06-01 23:28:41,561 - INFO: [{'id': '350500200001011111', 'name': '小憨憨', 'phone': '123456', 'address': '憨憨家', 'cus_id': '350500200001011111', 'contacts.name': '小恐龙', 'contacts.phone': '181111', 'email': '666@hanhan.com', 'relation': '情侣'}]
2021-06-01 23:28:41,561 - INFO: what
2021-06-01 23:28:49,830 - INFO: ()
2021-06-01 23:28:49,830 - INFO: what
2021-06-01 23:28:49,904 - INFO: [{'id': '350500200001011111', 'name': '小憨憨', 'phone': '123456', 'address': '憨憨家', 'cus_id': '350500200001011111', 'contacts.name': '小恐龙', 'contacts.phone': '181111', 'email': '666@hanhan.com', 'relation': '情侣'}]
2021-06-01 23:28:49,904 - INFO: what
2021-06-01 23:28:49,904 - INFO: [{'id': '350500200001011111', 'name': '小憨憨', 'phone': '123456', 'address': '憨憨家', 'cus_id': '350500200001011111', 'contacts.name': '小恐龙', 'contacts.phone': '181111', 'email': '666@hanhan.com', 'relation': '情侣'}]
2021-06-01 23:28:49,904 - INFO: what
2021-06-01 23:29:27,103 - INFO: ()
2021-06-01 23:29:27,103 - INFO: what
2021-06-01 23:29:27,178 - INFO: [{'id': '350500200001011111', 'name': '小憨憨', 'phone': '123456', 'address': '憨憨家', 'cus_id': '350500200001011111', 'contacts.name': '小恐龙', 'contacts.phone': '181111', 'email': '666@hanhan.com', 'relation': '情侣'}]
2021-06-01 23:29:27,178 - INFO: what
2021-06-01 23:29:27,178 - INFO: [{'id': '350500200001011111', 'name': '小憨憨', 'phone': '123456', 'address': '憨憨家', 'cus_id': '350500200001011111', 'contacts.name': '小恐龙', 'contacts.phone': '181111', 'email': '666@hanhan.com', 'relation': '情侣'}]
2021-06-01 23:29:27,178 - INFO: what
2021-06-01 23:29:46,866 - INFO: ()
2021-06-01 23:29:46,940 - INFO: [{'id': '350500200001011111', 'name': '小憨憨', 'phone': '123456', 'address': '憨憨家', 'cus_id': '350500200001011111', 'contacts.name': '小恐龙', 'contacts.phone': '181111', 'email': '666@hanhan.com', 'relation': '情侣'}]
2021-06-01 23:29:46,941 - INFO: [{'id': '350500200001011111', 'name': '小憨憨', 'phone': '123456', 'address': '憨憨家', 'cus_id': '350500200001011111', 'contacts.name': '小恐龙', 'contacts.phone': '181111', 'email': '666@hanhan.com', 'relation': '情侣'}]
2021-06-01 23:30:08,894 - INFO: ()
2021-06-01 23:30:09,047 - INFO: [{'id': '350500200001011111', 'name': '小憨憨', 'phone': '123456', 'address': '憨憨家', 'cus_id': '350500200001011111', 'contacts.name': '小恐龙', 'contacts.phone': '181111', 'email': '666@hanhan.com', 'relation': '情侣'}]
2021-06-01 23:30:09,048 - INFO: [{'id': '350500200001011111', 'name': '小憨憨', 'phone': '123456', 'address': '憨憨家', 'cus_id': '350500200001011111', 'contacts.name': '小恐龙', 'contacts.phone': '181111', 'email': '666@hanhan.com', 'relation': '情侣'}]
2021-06-01 23:30:24,510 - INFO: ()
2021-06-01 23:30:24,584 - INFO: [{'id': '350500200001011111', 'name': '小憨憨', 'phone': '123456', 'address': '憨憨家', 'cus_id': '350500200001011111', 'contacts.name': '小恐龙', 'contacts.phone': '181111', 'email': '666@hanhan.com', 'relation': '情侣'}]
2021-06-01 23:30:24,585 - INFO: [{'id': '350500200001011111', 'name': '小憨憨', 'phone': '123456', 'address': '憨憨家', 'cus_id': '350500200001011111', 'contacts.name': '小恐龙', 'contacts.phone': '181111', 'email': '666@hanhan.com', 'relation': '情侣'}]
2021-06-01 23:30:46,075 - INFO: ()
2021-06-01 23:30:46,125 - INFO: [{'id': '350500200001011111', 'name': '小憨憨', 'phone': '123456', 'address': '憨憨家', 'cus_id': '350500200001011111', 'contacts.name': '小恐龙', 'contacts.phone': '181111', 'email': '666@hanhan.com', 'relation': '情侣'}]
2021-06-01 23:30:46,125 - INFO: [{'id': '350500200001011111', 'name': '小憨憨', 'phone': '123456', 'address': '憨憨家', 'cus_id': '350500200001011111', 'contacts.name': '小恐龙', 'contacts.phone': '181111', 'email': '666@hanhan.com', 'relation': '情侣'}]
2021-06-01 23:32:43,600 - INFO: ()
2021-06-01 23:32:43,674 - INFO: [{'id': '350500200001011111', 'name': '小憨憨', 'phone': '123456', 'address': '憨憨家', 'cus_id': '350500200001011111', 'contacts.name': '小恐龙', 'contacts.phone': '181111', 'email': '666@hanhan.com', 'relation': '情侣'}]
2021-06-01 23:32:54,363 - INFO: ()
2021-06-01 23:32:54,448 - INFO: [{'id': '350500200001011111', 'name': '小憨憨', 'phone': '123456', 'address': '憨憨家', 'cus_id': '350500200001011111', 'contacts.name': '小恐龙', 'contacts.phone': '181111', 'email': '666@hanhan.com', 'relation': '情侣'}]
2021-06-01 23:32:54,449 - INFO: [{'id': '350500200001011111', 'name': '小憨憨', 'phone': '123456', 'address': '憨憨家', 'cus_id': '350500200001011111', 'contacts.name': '小恐龙', 'contacts.phone': '181111', 'email': '666@hanhan.com', 'relation': '情侣'}]
2021-06-01 23:33:13,470 - INFO: ()
2021-06-01 23:33:13,519 - INFO: [{'id': '350500200001011111', 'name': '小憨憨', 'phone': '123456', 'address': '憨憨家', 'cus_id': '350500200001011111', 'contacts.name': '小恐龙', 'contacts.phone': '181111', 'email': '666@hanhan.com', 'relation': '情侣'}]
2021-06-01 23:33:13,521 - INFO: [{'id': '350500200001011111', 'name': '小憨憨', 'phone': '123456', 'address': '憨憨家', 'cus_id': '350500200001011111', 'contacts.name': '小恐龙', 'contacts.phone': '181111', 'email': '666@hanhan.com', 'relation': '情侣'}]
2021-06-01 23:33:20,917 - INFO: ()
2021-06-01 23:33:20,993 - INFO: [{'id': '350500200001011111', 'name': '小憨憨', 'phone': '123456', 'address': '憨憨家', 'cus_id': '350500200001011111', 'contacts.name': '小恐龙', 'contacts.phone': '181111', 'email': '666@hanhan.com', 'relation': '情侣'}]
2021-06-01 23:33:20,995 - INFO: [{'id': '350500200001011111', 'name': '小憨憨', 'phone': '123456', 'address': '憨憨家', 'cus_id': '350500200001011111', 'contacts.name': '小恐龙', 'contacts.phone': '181111', 'email': '666@hanhan.com', 'relation': '情侣'}]
2021-06-01 23:33:30,017 - INFO: ()
2021-06-01 23:33:30,091 - INFO: [{'id': '350500200001011111', 'name': '小憨憨', 'phone': '123456', 'address': '憨憨家', 'cus_id': '350500200001011111', 'contacts.name': '小恐龙', 'contacts.phone': '181111', 'email': '666@hanhan.com', 'relation': '情侣'}]
2021-06-01 23:33:30,092 - INFO: 
                update customer set name = '大憨憨'
                where id = '350500200001011111';
            
2021-06-01 23:33:30,140 - INFO: [{'id': '350500200001011111', 'name': '大憨憨', 'phone': '123456', 'address': '憨憨家', 'cus_id': '350500200001011111', 'contacts.name': '小恐龙', 'contacts.phone': '181111', 'email': '666@hanhan.com', 'relation': '情侣'}]
2021-06-01 23:33:35,424 - INFO: ()
2021-06-01 23:33:35,498 - INFO: [{'id': '350500200001011111', 'name': '小憨憨', 'phone': '123456', 'address': '憨憨家', 'cus_id': '350500200001011111', 'contacts.name': '小恐龙', 'contacts.phone': '181111', 'email': '666@hanhan.com', 'relation': '情侣'}]
2021-06-01 23:33:35,498 - INFO: 
                update customer set name = '大憨憨'
                where id = '350500200001011111';
            
2021-06-01 23:33:35,548 - INFO: [{'id': '350500200001011111', 'name': '大憨憨', 'phone': '123456', 'address': '憨憨家', 'cus_id': '350500200001011111', 'contacts.name': '小恐龙', 'contacts.phone': '181111', 'email': '666@hanhan.com', 'relation': '情侣'}]
2021-06-01 23:34:20,037 - INFO: ()
2021-06-01 23:34:20,158 - INFO: [{'id': '350500200001011111', 'name': '小憨憨', 'phone': '123456', 'address': '憨憨家', 'cus_id': '350500200001011111', 'contacts.name': '小恐龙', 'contacts.phone': '181111', 'email': '666@hanhan.com', 'relation': '情侣'}]
2021-06-01 23:34:20,159 - INFO: 
                update customer set name = '大憨憨'
                where id = '350500200001011111';
            
2021-06-01 23:34:20,160 - INFO: 
                update contacts set con_name = '大恐龙'
                where cus_id = '350500200001011111';
            
2021-06-01 23:39:28,250 - INFO: ()
2021-06-01 23:39:28,324 - INFO: [{'id': '350500200001011111', 'name': '小憨憨', 'phone': '123456', 'address': '憨憨家', 'cus_id': '350500200001011111', 'contacts.name': '小恐龙', 'contacts.phone': '181111', 'email': '666@hanhan.com', 'relation': '情侣'}]
2021-06-01 23:39:28,325 - INFO: 
                update contacts set name = '大恐龙'
                where cus_id = '350500200001011111';
            
2021-06-01 23:39:28,398 - INFO: [{'id': '350500200001011111', 'name': '小憨憨', 'phone': '123456', 'address': '憨憨家', 'cus_id': '350500200001011111', 'contacts.name': '大恐龙', 'contacts.phone': '181111', 'email': '666@hanhan.com', 'relation': '情侣'}]
2021-06-01 23:39:33,753 - INFO: ()
2021-06-01 23:39:33,827 - INFO: [{'id': '350500200001011111', 'name': '小憨憨', 'phone': '123456', 'address': '憨憨家', 'cus_id': '350500200001011111', 'contacts.name': '小恐龙', 'contacts.phone': '181111', 'email': '666@hanhan.com', 'relation': '情侣'}]
2021-06-01 23:39:33,828 - INFO: 
                update customer set name = '大憨憨'
                where id = '350500200001011111';
            
2021-06-01 23:39:33,829 - INFO: 
                update contacts set name = '大恐龙'
                where cus_id = '350500200001011111';
            
2021-06-01 23:39:34,001 - INFO: [{'id': '350500200001011111', 'name': '大憨憨', 'phone': '123456', 'address': '憨憨家', 'cus_id': '350500200001011111', 'contacts.name': '大恐龙', 'contacts.phone': '181111', 'email': '666@hanhan.com', 'relation': '情侣'}]
2021-06-01 23:39:37,875 - INFO: ()
2021-06-01 23:39:37,950 - INFO: [{'id': '350500200001011111', 'name': '小憨憨', 'phone': '123456', 'address': '憨憨家', 'cus_id': '350500200001011111', 'contacts.name': '小恐龙', 'contacts.phone': '181111', 'email': '666@hanhan.com', 'relation': '情侣'}]
2021-06-01 23:39:37,951 - INFO: 
                update contacts set name = '大恐龙'
                where cus_id = '350500200001011111';
            
2021-06-01 23:39:38,024 - INFO: [{'id': '350500200001011111', 'name': '小憨憨', 'phone': '123456', 'address': '憨憨家', 'cus_id': '350500200001011111', 'contacts.name': '大恐龙', 'contacts.phone': '181111', 'email': '666@hanhan.com', 'relation': '情侣'}]
2021-06-01 23:39:40,675 - INFO: ()
2021-06-01 23:39:40,724 - INFO: [{'id': '350500200001011111', 'name': '小憨憨', 'phone': '123456', 'address': '憨憨家', 'cus_id': '350500200001011111', 'contacts.name': '小恐龙', 'contacts.phone': '181111', 'email': '666@hanhan.com', 'relation': '情侣'}]
2021-06-01 23:39:40,725 - INFO: 
                update customer set name = '大憨憨'
                where id = '350500200001011111';
            
2021-06-01 23:39:40,726 - INFO: 
                update contacts set name = '大恐龙'
                where cus_id = '350500200001011111';
            
2021-06-01 23:39:40,799 - INFO: [{'id': '350500200001011111', 'name': '大憨憨', 'phone': '123456', 'address': '憨憨家', 'cus_id': '350500200001011111', 'contacts.name': '大恐龙', 'contacts.phone': '181111', 'email': '666@hanhan.com', 'relation': '情侣'}]
2021-06-01 23:40:32,895 - INFO: ()
2021-06-01 23:40:32,980 - INFO: [{'id': '350500200001011111', 'name': '小憨憨', 'phone': '123456', 'address': '憨憨家', 'cus_id': '350500200001011111', 'contacts.name': '小恐龙', 'contacts.phone': '181111', 'email': '666@hanhan.com', 'relation': '情侣'}]
2021-06-01 23:40:32,981 - WARNING: drop keys: []
2021-06-01 23:40:32,981 - INFO: 
                update customer set name = '大憨憨'
                where id = '350500200001011111';
            
2021-06-01 23:40:32,982 - INFO: 
                update contacts set name = '大恐龙'
                where cus_id = '350500200001011111';
            
2021-06-01 23:40:33,054 - INFO: [{'id': '350500200001011111', 'name': '大憨憨', 'phone': '123456', 'address': '憨憨家', 'cus_id': '350500200001011111', 'contacts.name': '大恐龙', 'contacts.phone': '181111', 'email': '666@hanhan.com', 'relation': '情侣'}]
2021-06-01 23:40:35,596 - INFO: ()
2021-06-01 23:40:35,657 - INFO: [{'id': '350500200001011111', 'name': '小憨憨', 'phone': '123456', 'address': '憨憨家', 'cus_id': '350500200001011111', 'contacts.name': '小恐龙', 'contacts.phone': '181111', 'email': '666@hanhan.com', 'relation': '情侣'}]
2021-06-01 23:40:35,658 - WARNING: drop keys: ['cusname']
2021-06-01 23:40:35,658 - INFO: 
                update contacts set name = '大恐龙'
                where cus_id = '350500200001011111';
            
2021-06-01 23:40:35,742 - INFO: [{'id': '350500200001011111', 'name': '小憨憨', 'phone': '123456', 'address': '憨憨家', 'cus_id': '350500200001011111', 'contacts.name': '大恐龙', 'contacts.phone': '181111', 'email': '666@hanhan.com', 'relation': '情侣'}]
2021-06-01 23:40:43,123 - INFO: ()
2021-06-01 23:40:43,197 - INFO: [{'id': '350500200001011111', 'name': '小憨憨', 'phone': '123456', 'address': '憨憨家', 'cus_id': '350500200001011111', 'contacts.name': '小恐龙', 'contacts.phone': '181111', 'email': '666@hanhan.com', 'relation': '情侣'}]
2021-06-01 23:40:43,197 - WARNING: drop keys: []
2021-06-01 23:40:43,198 - INFO: 
                update customer set name = '大憨憨'
                where id = '350500200001011111';
            
2021-06-01 23:40:43,198 - INFO: 
                update contacts set name = '大恐龙'
                where cus_id = '350500200001011111';
            
2021-06-01 23:40:43,256 - INFO: [{'id': '350500200001011111', 'name': '大憨憨', 'phone': '123456', 'address': '憨憨家', 'cus_id': '350500200001011111', 'contacts.name': '大恐龙', 'contacts.phone': '181111', 'email': '666@hanhan.com', 'relation': '情侣'}]
2021-06-01 23:41:02,558 - INFO: ()
2021-06-01 23:41:02,617 - INFO: [{'id': '350500200001011111', 'name': '小憨憨', 'phone': '123456', 'address': '憨憨家', 'cus_id': '350500200001011111', 'contacts.name': '小恐龙', 'contacts.phone': '181111', 'email': '666@hanhan.com', 'relation': '情侣'}]
2021-06-01 23:41:02,618 - WARNING: drop keys: []
2021-06-01 23:41:02,619 - INFO: 
                update customer set name = '大憨憨'
                where id = '350500200001011111';
            
2021-06-01 23:41:02,679 - INFO: [{'id': '350500200001011111', 'name': '大憨憨', 'phone': '123456', 'address': '憨憨家', 'cus_id': '350500200001011111', 'contacts.name': '大恐龙', 'contacts.phone': '181111', 'email': '666@hanhan.com', 'relation': '情侣'}]
2021-06-01 23:41:14,344 - INFO: ()
2021-06-01 23:41:14,442 - INFO: [{'id': '350500200001011111', 'name': '小憨憨', 'phone': '123456', 'address': '憨憨家', 'cus_id': '350500200001011111', 'contacts.name': '小恐龙', 'contacts.phone': '181111', 'email': '666@hanhan.com', 'relation': '情侣'}]
2021-06-01 23:41:14,443 - WARNING: drop keys: []
2021-06-01 23:41:14,517 - INFO: [{'id': '350500200001011111', 'name': '大憨憨', 'phone': '123456', 'address': '憨憨家', 'cus_id': '350500200001011111', 'contacts.name': '大恐龙', 'contacts.phone': '181111', 'email': '666@hanhan.com', 'relation': '情侣'}]
2021-06-01 23:41:26,748 - INFO: ()
2021-06-01 23:41:26,823 - INFO: [{'id': '350500200001011111', 'name': '小憨憨', 'phone': '123456', 'address': '憨憨家', 'cus_id': '350500200001011111', 'contacts.name': '小恐龙', 'contacts.phone': '181111', 'email': '666@hanhan.com', 'relation': '情侣'}]
2021-06-01 23:41:26,884 - INFO: [{'id': '350500200001011111', 'name': '大憨憨', 'phone': '123456', 'address': '憨憨家', 'cus_id': '350500200001011111', 'contacts.name': '大恐龙', 'contacts.phone': '181111', 'email': '666@hanhan.com', 'relation': '情侣'}]
2021-06-01 23:42:56,891 - INFO: ()
2021-06-01 23:42:56,979 - INFO: [{'id': '350500200001011111', 'name': '小憨憨', 'phone': '123456', 'address': '憨憨家', 'cus_id': '350500200001011111', 'contacts.name': '小恐龙', 'contacts.phone': '181111', 'email': '666@hanhan.com', 'relation': '情侣'}]
2021-06-01 23:42:57,050 - INFO: [{'id': '350500200001011111', 'name': '大憨憨', 'phone': '123456', 'address': '憨憨家', 'cus_id': '350500200001011111', 'contacts.name': '大恐龙', 'contacts.phone': '181111', 'email': '666@hanhan.com', 'relation': '情侣'}]
2021-06-01 23:45:57,533 - INFO: ()
2021-06-01 23:45:57,731 - INFO: [{'id': '350500200001011111', 'name': '小憨憨', 'phone': '123456', 'address': '憨憨家', 'cus_id': '350500200001011111', 'contacts.name': '小恐龙', 'contacts.phone': '181111', 'email': '666@hanhan.com', 'relation': '情侣'}]
2021-06-01 23:45:57,805 - INFO: [{'id': '350500200001011111', 'name': '大憨憨', 'phone': '123456', 'address': '憨憨家', 'cus_id': '350500200001011111', 'contacts.name': '大恐龙', 'contacts.phone': '181111', 'email': '666@hanhan.com', 'relation': '情侣'}]
2021-06-02 10:38:01,383 - INFO: ()
2021-06-02 10:38:01,457 - INFO: [{'id': '350500200001011111', 'name': '小憨憨', 'phone': '123456', 'address': '憨憨家', 'cus_id': '350500200001011111', 'contacts.name': '小恐龙', 'contacts.phone': '181111', 'email': '666@hanhan.com', 'relation': '情侣'}]
2021-06-02 10:38:01,506 - INFO: [{'id': '350500200001011111', 'name': '大憨憨', 'phone': '123456', 'address': '憨憨家', 'cus_id': '350500200001011111', 'contacts.name': '大恐龙', 'contacts.phone': '181111', 'email': '666@hanhan.com', 'relation': '情侣'}]
()
[{'id': '350500200001011111', 'name': '小憨憨', 'phone': '123456', 'address': '憨憨家', 'cus_id': '350500200001011111', 'contacts.name': '小恐龙', 'contacts.phone': '181111', 'email': '666@hanhan.com', 'relation': '情侣'}]
[{'id': '350500200001011111', 'name': '大憨憨', 'phone': '123456', 'address': '憨憨家', 'cus_id': '350500200001011111', 'contacts.name': '大恐龙', 'contacts.phone': '181111', 'email': '666@hanhan.com', 'relation': '情侣'}]
()
[{'id': '350500200001011111', 'name': '小憨憨', 'phone': '123456', 'address': '憨憨家', 'cus_id': '350500200001011111', 'contacts.name': '小恐龙', 'contacts.phone': '181111', 'email': '666@hanhan.com', 'relation': '情侣'}]
[{'id': '350500200001011111', 'name': '大憨憨', 'phone': '123456', 'address': '憨憨家', 'cus_id': '350500200001011111', 'contacts.name': '大恐龙', 'contacts.phone': '181111', 'email': '666@hanhan.com', 'relation': '情侣'}]
2021-06-02 10:39:58,034 - INFO: ()
2021-06-02 10:39:58,084 - INFO: [{'id': '350500200001011111', 'name': '小憨憨', 'phone': '123456', 'address': '憨憨家', 'cus_id': '350500200001011111', 'contacts.name': '小恐龙', 'contacts.phone': '181111', 'email': '666@hanhan.com', 'relation': '情侣'}]
2021-06-02 10:39:58,133 - INFO: [{'id': '350500200001011111', 'name': '大憨憨', 'phone': '123456', 'address': '憨憨家', 'cus_id': '350500200001011111', 'contacts.name': '大恐龙', 'contacts.phone': '181111', 'email': '666@hanhan.com', 'relation': '情侣'}]
2021-06-02 11:34:39,744 - INFO: ()
2021-06-02 11:34:39,793 - INFO: [{'id': '350500200001011111', 'name': '小憨憨', 'phone': '123456', 'address': '憨憨家', 'cus_id': '350500200001011111', 'contacts.name': '小恐龙', 'contacts.phone': '181111', 'email': '666@hanhan.com', 'relation': '情侣'}]
2021-06-02 11:34:39,867 - INFO: [{'id': '350500200001011111', 'name': '大憨憨', 'phone': '123456', 'address': '憨憨家', 'cus_id': '350500200001011111', 'contacts.name': '大恐龙', 'contacts.phone': '181111', 'email': '666@hanhan.com', 'relation': '情侣'}]
2021-06-02 11:35:09,235 - INFO: ()
2021-06-02 11:35:09,333 - INFO: [{'id': '350500200001011111', 'name': '小憨憨', 'phone': '123456', 'address': '憨憨家', 'cus_id': '350500200001011111', 'contacts.name': '小恐龙', 'contacts.phone': '181111', 'email': '666@hanhan.com', 'relation': '情侣'}]
2021-06-02 11:35:09,333 - DEBUG: 
                update customer set name = '大憨憨'
                where id = '350500200001011111';
            
2021-06-02 11:35:09,334 - DEBUG: 
                update contacts set name = '大恐龙'
                where cus_id = '350500200001011111';
            
2021-06-02 11:35:09,431 - INFO: [{'id': '350500200001011111', 'name': '大憨憨', 'phone': '123456', 'address': '憨憨家', 'cus_id': '350500200001011111', 'contacts.name': '大恐龙', 'contacts.phone': '181111', 'email': '666@hanhan.com', 'relation': '情侣'}]
2021-06-02 11:35:45,349 - INFO: ()
2021-06-02 11:35:45,399 - INFO: [{'id': '350500200001011111', 'name': '小憨憨', 'phone': '123456', 'address': '憨憨家', 'cus_id': '350500200001011111', 'contacts.name': '小恐龙', 'contacts.phone': '181111', 'email': '666@hanhan.com', 'relation': '情侣'}]
2021-06-02 11:35:45,473 - INFO: [{'id': '350500200001011111', 'name': '大憨憨', 'phone': '123456', 'address': '憨憨家', 'cus_id': '350500200001011111', 'contacts.name': '大恐龙', 'contacts.phone': '181111', 'email': '666@hanhan.com', 'relation': '情侣'}]
2021-06-02 11:35:58,131 - INFO: ()
2021-06-02 11:35:58,181 - INFO: [{'id': '350500200001011111', 'name': '小憨憨', 'phone': '123456', 'address': '憨憨家', 'cus_id': '350500200001011111', 'contacts.name': '小恐龙', 'contacts.phone': '181111', 'email': '666@hanhan.com', 'relation': '情侣'}]
2021-06-02 11:35:58,181 - DEBUG: 
                update customer set name = '大憨憨'
                where id = '350500200001011111';
            
2021-06-02 11:35:58,182 - DEBUG: 
                update contacts set name = '大恐龙'
                where cus_id = '350500200001011111';
            
2021-06-02 11:35:58,230 - INFO: [{'id': '350500200001011111', 'name': '大憨憨', 'phone': '123456', 'address': '憨憨家', 'cus_id': '350500200001011111', 'contacts.name': '大恐龙', 'contacts.phone': '181111', 'email': '666@hanhan.com', 'relation': '情侣'}]
2021-06-02 11:36:42,732 - INFO: ()
2021-06-02 11:36:42,782 - INFO: [{'id': '350500200001011111', 'name': '小憨憨', 'phone': '123456', 'address': '憨憨家', 'cus_id': '350500200001011111', 'contacts.name': '小恐龙', 'contacts.phone': '181111', 'email': '666@hanhan.com', 'relation': '情侣'}]
2021-06-02 11:36:42,782 - DEBUG: 
                update customer set name = '大憨憨'
                where id = '350500200001011111';
            
2021-06-02 11:36:42,782 - DEBUG: 
                update contacts set name = '大恐龙'
                where cus_id = '350500200001011111';
            
2021-06-02 11:36:42,832 - INFO: [{'id': '350500200001011111', 'name': '大憨憨', 'phone': '123456', 'address': '憨憨家', 'cus_id': '350500200001011111', 'contacts.name': '大恐龙', 'contacts.phone': '181111', 'email': '666@hanhan.com', 'relation': '情侣'}]
2021-06-02 11:36:46,549 - INFO: ()
2021-06-02 11:36:46,599 - INFO: [{'id': '350500200001011111', 'name': '小憨憨', 'phone': '123456', 'address': '憨憨家', 'cus_id': '350500200001011111', 'contacts.name': '小恐龙', 'contacts.phone': '181111', 'email': '666@hanhan.com', 'relation': '情侣'}]
2021-06-02 11:36:46,648 - INFO: [{'id': '350500200001011111', 'name': '大憨憨', 'phone': '123456', 'address': '憨憨家', 'cus_id': '350500200001011111', 'contacts.name': '大恐龙', 'contacts.phone': '181111', 'email': '666@hanhan.com', 'relation': '情侣'}]
2021-06-02 11:37:08,914 - INFO: ()
2021-06-02 11:37:08,963 - INFO: [{'id': '350500200001011111', 'name': '小憨憨', 'phone': '123456', 'address': '憨憨家', 'cus_id': '350500200001011111', 'contacts.name': '小恐龙', 'contacts.phone': '181111', 'email': '666@hanhan.com', 'relation': '情侣'}]
2021-06-02 11:37:09,012 - INFO: [{'id': '350500200001011111', 'name': '大憨憨', 'phone': '123456', 'address': '憨憨家', 'cus_id': '350500200001011111', 'contacts.name': '大恐龙', 'contacts.phone': '181111', 'email': '666@hanhan.com', 'relation': '情侣'}]
2021-06-02 11:37:35,772 - INFO: ()
2021-06-02 11:37:35,772 - INFO: fuck
2021-06-02 11:37:35,821 - INFO: [{'id': '350500200001011111', 'name': '小憨憨', 'phone': '123456', 'address': '憨憨家', 'cus_id': '350500200001011111', 'contacts.name': '小恐龙', 'contacts.phone': '181111', 'email': '666@hanhan.com', 'relation': '情侣'}]
2021-06-02 11:37:35,821 - INFO: fuck
2021-06-02 11:37:35,871 - INFO: [{'id': '350500200001011111', 'name': '大憨憨', 'phone': '123456', 'address': '憨憨家', 'cus_id': '350500200001011111', 'contacts.name': '大恐龙', 'contacts.phone': '181111', 'email': '666@hanhan.com', 'relation': '情侣'}]
2021-06-02 11:37:35,871 - INFO: fuck
2021-06-02 11:37:44,397 - INFO: ()
2021-06-02 11:37:44,496 - INFO: [{'id': '350500200001011111', 'name': '小憨憨', 'phone': '123456', 'address': '憨憨家', 'cus_id': '350500200001011111', 'contacts.name': '小恐龙', 'contacts.phone': '181111', 'email': '666@hanhan.com', 'relation': '情侣'}]
2021-06-02 11:37:44,581 - INFO: [{'id': '350500200001011111', 'name': '大憨憨', 'phone': '123456', 'address': '憨憨家', 'cus_id': '350500200001011111', 'contacts.name': '大恐龙', 'contacts.phone': '181111', 'email': '666@hanhan.com', 'relation': '情侣'}]
2021-06-02 11:37:50,537 - INFO: ()
2021-06-02 11:37:50,537 - INFO: fuck

2021-06-02 11:37:50,585 - INFO: [{'id': '350500200001011111', 'name': '小憨憨', 'phone': '123456', 'address': '憨憨家', 'cus_id': '350500200001011111', 'contacts.name': '小恐龙', 'contacts.phone': '181111', 'email': '666@hanhan.com', 'relation': '情侣'}]
2021-06-02 11:37:50,585 - INFO: fuck

2021-06-02 11:37:50,758 - INFO: [{'id': '350500200001011111', 'name': '大憨憨', 'phone': '123456', 'address': '憨憨家', 'cus_id': '350500200001011111', 'contacts.name': '大恐龙', 'contacts.phone': '181111', 'email': '666@hanhan.com', 'relation': '情侣'}]
2021-06-02 11:37:50,758 - INFO: fuck

2021-06-02 11:38:22,367 - F:\Data\USTC-CS-Resources\CS\Database\lab\Bank-Mangement-System\bankdb\customer.py[line:85] - INFO: ()
2021-06-02 11:38:22,367 - F:\Data\USTC-CS-Resources\CS\Database\lab\Bank-Mangement-System\bankdb\customer.py[line:86] - INFO: fuck

2021-06-02 11:38:22,416 - F:\Data\USTC-CS-Resources\CS\Database\lab\Bank-Mangement-System\bankdb\customer.py[line:85] - INFO: [{'id': '350500200001011111', 'name': '小憨憨', 'phone': '123456', 'address': '憨憨家', 'cus_id': '350500200001011111', 'contacts.name': '小恐龙', 'contacts.phone': '181111', 'email': '666@hanhan.com', 'relation': '情侣'}]
2021-06-02 11:38:22,416 - F:\Data\USTC-CS-Resources\CS\Database\lab\Bank-Mangement-System\bankdb\customer.py[line:86] - INFO: fuck

2021-06-02 11:38:22,465 - F:\Data\USTC-CS-Resources\CS\Database\lab\Bank-Mangement-System\bankdb\customer.py[line:85] - INFO: [{'id': '350500200001011111', 'name': '大憨憨', 'phone': '123456', 'address': '憨憨家', 'cus_id': '350500200001011111', 'contacts.name': '大恐龙', 'contacts.phone': '181111', 'email': '666@hanhan.com', 'relation': '情侣'}]
2021-06-02 11:38:22,465 - F:\Data\USTC-CS-Resources\CS\Database\lab\Bank-Mangement-System\bankdb\customer.py[line:86] - INFO: fuck

2021-06-02 11:41:01,508 - F:\Data\USTC-CS-Resources\CS\Database\lab\Bank-Mangement-System\bankdb\customer.py[line:85] - INFO: ()
2021-06-02 11:41:01,508 - F:\Data\USTC-CS-Resources\CS\Database\lab\Bank-Mangement-System\bankdb\customer.py[line:86] - INFO: fuck

2021-06-02 11:41:01,583 - F:\Data\USTC-CS-Resources\CS\Database\lab\Bank-Mangement-System\bankdb\customer.py[line:85] - INFO: [{'id': '350500200001011111', 'name': '小憨憨', 'phone': '123456', 'address': '憨憨家', 'cus_id': '350500200001011111', 'contacts.name': '小恐龙', 'contacts.phone': '181111', 'email': '666@hanhan.com', 'relation': '情侣'}]
2021-06-02 11:41:01,583 - F:\Data\USTC-CS-Resources\CS\Database\lab\Bank-Mangement-System\bankdb\customer.py[line:86] - INFO: fuck

2021-06-02 11:41:01,632 - F:\Data\USTC-CS-Resources\CS\Database\lab\Bank-Mangement-System\bankdb\customer.py[line:85] - INFO: [{'id': '350500200001011111', 'name': '大憨憨', 'phone': '123456', 'address': '憨憨家', 'cus_id': '350500200001011111', 'contacts.name': '大恐龙', 'contacts.phone': '181111', 'email': '666@hanhan.com', 'relation': '情侣'}]
2021-06-02 11:41:01,632 - F:\Data\USTC-CS-Resources\CS\Database\lab\Bank-Mangement-System\bankdb\customer.py[line:86] - INFO: fuck

2021-06-02 11:41:29,356 - F:\Data\USTC-CS-Resources\CS\Database\lab\Bank-Mangement-System\bankdb\customer.py[line:85] - INFO: ()
2021-06-02 11:41:29,356 - F:\Data\USTC-CS-Resources\CS\Database\lab\Bank-Mangement-System\bankdb\customer.py[line:86] - INFO: fuck

2021-06-02 11:41:29,431 - F:\Data\USTC-CS-Resources\CS\Database\lab\Bank-Mangement-System\bankdb\customer.py[line:85] - INFO: [{'id': '350500200001011111', 'name': '小憨憨', 'phone': '123456', 'address': '憨憨家', 'cus_id': '350500200001011111', 'contacts.name': '小恐龙', 'contacts.phone': '181111', 'email': '666@hanhan.com', 'relation': '情侣'}]
2021-06-02 11:41:29,431 - F:\Data\USTC-CS-Resources\CS\Database\lab\Bank-Mangement-System\bankdb\customer.py[line:86] - INFO: fuck

2021-06-02 11:41:29,505 - F:\Data\USTC-CS-Resources\CS\Database\lab\Bank-Mangement-System\bankdb\customer.py[line:85] - INFO: [{'id': '350500200001011111', 'name': '大憨憨', 'phone': '123456', 'address': '憨憨家', 'cus_id': '350500200001011111', 'contacts.name': '大恐龙', 'contacts.phone': '181111', 'email': '666@hanhan.com', 'relation': '情侣'}]
2021-06-02 11:41:29,505 - F:\Data\USTC-CS-Resources\CS\Database\lab\Bank-Mangement-System\bankdb\customer.py[line:86] - INFO: fuck

2021-06-02 11:41:56,638 - F:\Data\USTC-CS-Resources\CS\Database\lab\Bank-Mangement-System\bankdb\customer.py[line:85] - INFO: ()
2021-06-02 11:41:56,638 - F:\Data\USTC-CS-Resources\CS\Database\lab\Bank-Mangement-System\bankdb\customer.py[line:86] - INFO: fuck

2021-06-02 11:41:56,688 - F:\Data\USTC-CS-Resources\CS\Database\lab\Bank-Mangement-System\bankdb\customer.py[line:85] - INFO: [{'id': '350500200001011111', 'name': '小憨憨', 'phone': '123456', 'address': '憨憨家', 'cus_id': '350500200001011111', 'contacts.name': '小恐龙', 'contacts.phone': '181111', 'email': '666@hanhan.com', 'relation': '情侣'}]
2021-06-02 11:41:56,688 - F:\Data\USTC-CS-Resources\CS\Database\lab\Bank-Mangement-System\bankdb\customer.py[line:86] - INFO: fuck

2021-06-02 11:41:56,761 - F:\Data\USTC-CS-Resources\CS\Database\lab\Bank-Mangement-System\bankdb\customer.py[line:85] - INFO: [{'id': '350500200001011111', 'name': '大憨憨', 'phone': '123456', 'address': '憨憨家', 'cus_id': '350500200001011111', 'contacts.name': '大恐龙', 'contacts.phone': '181111', 'email': '666@hanhan.com', 'relation': '情侣'}]
2021-06-02 11:41:56,762 - F:\Data\USTC-CS-Resources\CS\Database\lab\Bank-Mangement-System\bankdb\customer.py[line:86] - INFO: fuck

2021-06-02 11:42:14,879 - F:\Data\USTC-CS-Resources\CS\Database\lab\Bank-Mangement-System\bankdb\customer.py[line:85] - INFO: ()
2021-06-02 11:42:14,880 - F:\Data\USTC-CS-Resources\CS\Database\lab\Bank-Mangement-System\bankdb\customer.py[line:86] - INFO: fuck

2021-06-02 11:42:14,929 - F:\Data\USTC-CS-Resources\CS\Database\lab\Bank-Mangement-System\bankdb\customer.py[line:85] - INFO: [{'id': '350500200001011111', 'name': '小憨憨', 'phone': '123456', 'address': '憨憨家', 'cus_id': '350500200001011111', 'contacts.name': '小恐龙', 'contacts.phone': '181111', 'email': '666@hanhan.com', 'relation': '情侣'}]
2021-06-02 11:42:14,929 - F:\Data\USTC-CS-Resources\CS\Database\lab\Bank-Mangement-System\bankdb\customer.py[line:86] - INFO: fuck

2021-06-02 11:42:14,979 - F:\Data\USTC-CS-Resources\CS\Database\lab\Bank-Mangement-System\bankdb\customer.py[line:85] - INFO: [{'id': '350500200001011111', 'name': '大憨憨', 'phone': '123456', 'address': '憨憨家', 'cus_id': '350500200001011111', 'contacts.name': '大恐龙', 'contacts.phone': '181111', 'email': '666@hanhan.com', 'relation': '情侣'}]
2021-06-02 11:42:14,979 - F:\Data\USTC-CS-Resources\CS\Database\lab\Bank-Mangement-System\bankdb\customer.py[line:86] - INFO: fuck

2021-06-02 11:42:29,580 - F:\Data\USTC-CS-Resources\CS\Database\lab\Bank-Mangement-System\bankdb\customer.py[line:85] - INFO: ()
2021-06-02 11:42:29,580 - F:\Data\USTC-CS-Resources\CS\Database\lab\Bank-Mangement-System\bankdb\customer.py[line:86] - INFO: fuck

2021-06-02 11:42:29,654 - F:\Data\USTC-CS-Resources\CS\Database\lab\Bank-Mangement-System\bankdb\customer.py[line:85] - INFO: [{'id': '350500200001011111', 'name': '小憨憨', 'phone': '123456', 'address': '憨憨家', 'cus_id': '350500200001011111', 'contacts.name': '小恐龙', 'contacts.phone': '181111', 'email': '666@hanhan.com', 'relation': '情侣'}]
2021-06-02 11:42:29,654 - F:\Data\USTC-CS-Resources\CS\Database\lab\Bank-Mangement-System\bankdb\customer.py[line:86] - INFO: fuck

2021-06-02 11:42:29,728 - F:\Data\USTC-CS-Resources\CS\Database\lab\Bank-Mangement-System\bankdb\customer.py[line:85] - INFO: [{'id': '350500200001011111', 'name': '大憨憨', 'phone': '123456', 'address': '憨憨家', 'cus_id': '350500200001011111', 'contacts.name': '大恐龙', 'contacts.phone': '181111', 'email': '666@hanhan.com', 'relation': '情侣'}]
2021-06-02 11:42:29,729 - F:\Data\USTC-CS-Resources\CS\Database\lab\Bank-Mangement-System\bankdb\customer.py[line:86] - INFO: fuck

2021-06-02 11:43:34,312 - F:\Data\USTC-CS-Resources\CS\Database\lab\Bank-Mangement-System\bankdb\customer.py[line:85] - INFO: ()
2021-06-02 11:43:34,312 - F:\Data\USTC-CS-Resources\CS\Database\lab\Bank-Mangement-System\bankdb\customer.py[line:86] - INFO: fuck

2021-06-02 11:43:34,386 - F:\Data\USTC-CS-Resources\CS\Database\lab\Bank-Mangement-System\bankdb\customer.py[line:85] - INFO: [{'id': '350500200001011111', 'name': '小憨憨', 'phone': '123456', 'address': '憨憨家', 'cus_id': '350500200001011111', 'contacts.name': '小恐龙', 'contacts.phone': '181111', 'email': '666@hanhan.com', 'relation': '情侣'}]
2021-06-02 11:43:34,387 - F:\Data\USTC-CS-Resources\CS\Database\lab\Bank-Mangement-System\bankdb\customer.py[line:86] - INFO: fuck

2021-06-02 11:43:34,460 - F:\Data\USTC-CS-Resources\CS\Database\lab\Bank-Mangement-System\bankdb\customer.py[line:85] - INFO: [{'id': '350500200001011111', 'name': '大憨憨', 'phone': '123456', 'address': '憨憨家', 'cus_id': '350500200001011111', 'contacts.name': '大恐龙', 'contacts.phone': '181111', 'email': '666@hanhan.com', 'relation': '情侣'}]
2021-06-02 11:43:34,460 - F:\Data\USTC-CS-Resources\CS\Database\lab\Bank-Mangement-System\bankdb\customer.py[line:86] - INFO: fuck

2021-06-02 11:45:01,058  customer.py : INFO  ()
2021-06-02 11:45:01,058  customer.py : INFO  fuck

2021-06-02 11:45:01,301  customer.py : INFO  [{'id': '350500200001011111', 'name': '小憨憨', 'phone': '123456', 'address': '憨憨家', 'cus_id': '350500200001011111', 'contacts.name': '小恐龙', 'contacts.phone': '181111', 'email': '666@hanhan.com', 'relation': '情侣'}]
2021-06-02 11:45:01,301  customer.py : INFO  fuck

2021-06-02 11:45:01,452  customer.py : INFO  [{'id': '350500200001011111', 'name': '大憨憨', 'phone': '123456', 'address': '憨憨家', 'cus_id': '350500200001011111', 'contacts.name': '大恐龙', 'contacts.phone': '181111', 'email': '666@hanhan.com', 'relation': '情侣'}]
2021-06-02 11:45:01,452  customer.py : INFO  fuck

2021-06-02 11:45:25,517  customer.py : INFO  ()
2021-06-02 11:45:25,591  customer.py : INFO  [{'id': '350500200001011111', 'name': '小憨憨', 'phone': '123456', 'address': '憨憨家', 'cus_id': '350500200001011111', 'contacts.name': '小恐龙', 'contacts.phone': '181111', 'email': '666@hanhan.com', 'relation': '情侣'}]
2021-06-02 11:45:25,665  customer.py : INFO  [{'id': '350500200001011111', 'name': '大憨憨', 'phone': '123456', 'address': '憨憨家', 'cus_id': '350500200001011111', 'contacts.name': '大恐龙', 'contacts.phone': '181111', 'email': '666@hanhan.com', 'relation': '情侣'}]
2021-06-02 11:47:34,882  customer.py : INFO  [{'id': '350500200001011111', 'name': '大憨憨', 'phone': '123456', 'address': '憨憨家', 'cus_id': '350500200001011111', 'contacts.name': '大恐龙', 'contacts.phone': '181111', 'email': '666@hanhan.com', 'relation': '情侣'}]
2021-06-02 11:48:30,930  customer.py : INFO  [{'id': '350500200001011111', 'name': '大憨憨', 'phone': '123456', 'address': '憨憨家', 'cus_id': '350500200001011111', 'contacts.name': '大恐龙', 'contacts.phone': '181111', 'email': '666@hanhan.com', 'relation': '情侣'}]
2021-06-02 11:50:05,007  customer.py : INFO  ()
2021-06-02 11:50:05,082  customer.py : INFO  [{'id': '350500200001011111', 'name': '小憨憨', 'phone': '123456', 'address': '憨憨家', 'cus_id': '350500200001011111', 'contacts.name': '小恐龙', 'contacts.phone': '181111', 'email': '666@hanhan.com', 'relation': '情侣'}]
2021-06-02 11:50:05,180  customer.py : INFO  [{'id': '350500200001011111', 'name': '大憨憨', 'phone': '123456', 'address': '憨憨家', 'cus_id': '350500200001011111', 'contacts.name': '大恐龙', 'contacts.phone': '181111', 'email': '666@hanhan.com', 'relation': '情侣'}]
2021-06-02 11:50:32,558  customer.py : INFO  ()
2021-06-02 11:50:32,632  customer.py : INFO  [{'id': '350500200001011111', 'name': '小憨憨', 'phone': '123456', 'address': '憨憨家', 'cus_id': '350500200001011111', 'contacts.name': '小恐龙', 'contacts.phone': '181111', 'email': '666@hanhan.com', 'relation': '情侣'}]
2021-06-02 11:50:32,682  customer.py : INFO  [{'id': '350500200001011111', 'name': '大憨憨', 'phone': '123456', 'address': '憨憨家', 'cus_id': '350500200001011111', 'contacts.name': '大恐龙', 'contacts.phone': '181111', 'email': '666@hanhan.com', 'relation': '情侣'}]
2021-06-02 11:51:16,376  customer.py : INFO  ()
2021-06-02 11:51:16,426  customer.py : INFO  [{'id': '350500200001011111', 'name': '小憨憨', 'phone': '123456', 'address': '憨憨家', 'cus_id': '350500200001011111', 'contacts.name': '小恐龙', 'contacts.phone': '181111', 'email': '666@hanhan.com', 'relation': '情侣'}]
2021-06-02 11:51:16,591  customer.py : INFO  [{'id': '350500200001011111', 'name': '大憨憨', 'phone': '123456', 'address': '憨憨家', 'cus_id': '350500200001011111', 'contacts.name': '大恐龙', 'contacts.phone': '181111', 'email': '666@hanhan.com', 'relation': '情侣'}]
2021-06-02 11:52:13,931  customer.py : INFO  ()
2021-06-02 11:52:14,005  customer.py : INFO  [{'id': '350500200001011111', 'name': '小憨憨', 'phone': '123456', 'address': '憨憨家', 'cus_id': '350500200001011111', 'contacts.name': '小恐龙', 'contacts.phone': '181111', 'email': '666@hanhan.com', 'relation': '情侣'}]
2021-06-02 11:52:14,054  customer.py : INFO  [{'id': '350500200001011111', 'name': '大憨憨', 'phone': '123456', 'address': '憨憨家', 'cus_id': '350500200001011111', 'contacts.name': '大恐龙', 'contacts.phone': '181111', 'email': '666@hanhan.com', 'relation': '情侣'}]
2021-06-02 11:52:25,300  customer.py : INFO  ()
2021-06-02 11:52:25,349  customer.py : INFO  [{'id': '350500200001011111', 'name': '小憨憨', 'phone': '123456', 'address': '憨憨家', 'cus_id': '350500200001011111', 'contacts.name': '小恐龙', 'contacts.phone': '181111', 'email': '666@hanhan.com', 'relation': '情侣'}]
2021-06-02 11:52:25,423  customer.py : INFO  [{'id': '350500200001011111', 'name': '大憨憨', 'phone': '123456', 'address': '憨憨家', 'cus_id': '350500200001011111', 'contacts.name': '大恐龙', 'contacts.phone': '181111', 'email': '666@hanhan.com', 'relation': '情侣'}]
2021-06-02 11:52:30,586  customer.py : INFO  ()
2021-06-02 11:52:30,735  customer.py : INFO  [{'id': '350500200001011111', 'name': '小憨憨', 'phone': '123456', 'address': '憨憨家', 'cus_id': '350500200001011111', 'contacts.name': '小恐龙', 'contacts.phone': '181111', 'email': '666@hanhan.com', 'relation': '情侣'}]
2021-06-02 11:52:30,784  customer.py : INFO  [{'id': '350500200001011111', 'name': '大憨憨', 'phone': '123456', 'address': '憨憨家', 'cus_id': '350500200001011111', 'contacts.name': '大恐龙', 'contacts.phone': '181111', 'email': '666@hanhan.com', 'relation': '情侣'}]
2021-06-02 11:53:51,004  customer.py : INFO  ()
2021-06-02 11:53:51,079  customer.py : INFO  [{'id': '350500200001011111', 'name': '小憨憨', 'phone': '123456', 'address': '憨憨家', 'cus_id': '350500200001011111', 'contacts.name': '小恐龙', 'contacts.phone': '181111', 'email': '666@hanhan.com', 'relation': '情侣'}]
2021-06-02 11:53:51,152  customer.py : INFO  [{'id': '350500200001011111', 'name': '大憨憨', 'phone': '123456', 'address': '憨憨家', 'cus_id': '350500200001011111', 'contacts.name': '大恐龙', 'contacts.phone': '181111', 'email': '666@hanhan.com', 'relation': '情侣'}]
2021-06-02 11:54:50,925  customer.py : INFO  ()
2021-06-02 11:54:50,999  customer.py : INFO  [{'id': '350500200001011111', 'name': '小憨憨', 'phone': '123456', 'address': '憨憨家', 'cus_id': '350500200001011111', 'contacts.name': '小恐龙', 'contacts.phone': '181111', 'email': '666@hanhan.com', 'relation': '情侣'}]
2021-06-02 11:54:51,048  customer.py : INFO  [{'id': '350500200001011111', 'name': '大憨憨', 'phone': '123456', 'address': '憨憨家', 'cus_id': '350500200001011111', 'contacts.name': '大恐龙', 'contacts.phone': '181111', 'email': '666@hanhan.com', 'relation': '情侣'}]
2021-06-02 11:55:05,440  customer.py : INFO  ()
2021-06-02 11:55:05,513  customer.py : INFO  [{'id': '350500200001011111', 'name': '小憨憨', 'phone': '123456', 'address': '憨憨家', 'cus_id': '350500200001011111', 'contacts.name': '小恐龙', 'contacts.phone': '181111', 'email': '666@hanhan.com', 'relation': '情侣'}]
2021-06-02 11:55:05,562  customer.py : INFO  [{'id': '350500200001011111', 'name': '大憨憨', 'phone': '123456', 'address': '憨憨家', 'cus_id': '350500200001011111', 'contacts.name': '大恐龙', 'contacts.phone': '181111', 'email': '666@hanhan.com', 'relation': '情侣'}]
2021-06-02 11:56:56,083  customer.py : INFO  ()
2021-06-02 11:56:56,156  customer.py : INFO  [{'id': '350500200001011111', 'name': '小憨憨', 'phone': '123456', 'address': '憨憨家', 'cus_id': '350500200001011111', 'contacts.name': '小恐龙', 'contacts.phone': '181111', 'email': '666@hanhan.com', 'relation': '情侣'}]
2021-06-02 11:56:56,230  customer.py : INFO  [{'id': '350500200001011111', 'name': '大憨憨', 'phone': '123456', 'address': '憨憨家', 'cus_id': '350500200001011111', 'contacts.name': '大恐龙', 'contacts.phone': '181111', 'email': '666@hanhan.com', 'relation': '情侣'}]
2021-06-02 11:58:28,896  customer.py : INFO  ()
2021-06-02 11:58:28,946  customer.py : INFO  [{'id': '350500200001011111', 'name': '小憨憨', 'phone': '123456', 'address': '憨憨家', 'cus_id': '350500200001011111', 'contacts.name': '小恐龙', 'contacts.phone': '181111', 'email': '666@hanhan.com', 'relation': '情侣'}]
2021-06-02 11:58:29,020  customer.py : INFO  [{'id': '350500200001011111', 'name': '大憨憨', 'phone': '123456', 'address': '憨憨家', 'cus_id': '350500200001011111', 'contacts.name': '大恐龙', 'contacts.phone': '181111', 'email': '666@hanhan.com', 'relation': '情侣'}]
2021-06-02 12:00:52,323  customer.py : INFO  ()
2021-06-02 12:00:52,372  customer.py : INFO  [{'id': '350500200001011111', 'name': '小憨憨', 'phone': '123456', 'address': '憨憨家', 'cus_id': '350500200001011111', 'contacts.name': '小恐龙', 'contacts.phone': '181111', 'email': '666@hanhan.com', 'relation': '情侣'}]
2021-06-02 12:00:52,422  customer.py : INFO  [{'id': '350500200001011111', 'name': '大憨憨', 'phone': '123456', 'address': '憨憨家', 'cus_id': '350500200001011111', 'contacts.name': '大恐龙', 'contacts.phone': '181111', 'email': '666@hanhan.com', 'relation': '情侣'}]
2021-06-02 12:00:57,481  customer.py : INFO  ()
2021-06-02 12:00:57,556  customer.py : INFO  [{'id': '350500200001011111', 'name': '小憨憨', 'phone': '123456', 'address': '憨憨家', 'cus_id': '350500200001011111', 'contacts.name': '小恐龙', 'contacts.phone': '181111', 'email': '666@hanhan.com', 'relation': '情侣'}]
2021-06-02 12:00:57,605  customer.py : INFO  [{'id': '350500200001011111', 'name': '大憨憨', 'phone': '123456', 'address': '憨憨家', 'cus_id': '350500200001011111', 'contacts.name': '大恐龙', 'contacts.phone': '181111', 'email': '666@hanhan.com', 'relation': '情侣'}]
2021-06-02 12:02:08,344  customer.py : INFO  ()
2021-06-02 12:02:08,393  customer.py : INFO  [{'id': '350500200001011111', 'name': '小憨憨', 'phone': '123456', 'address': '憨憨家', 'cus_id': '350500200001011111', 'contacts.name': '小恐龙', 'contacts.phone': '181111', 'email': '666@hanhan.com', 'relation': '情侣'}]
2021-06-02 12:02:08,394  customer.py : DEBUG  
                update customer set name = '大憨憨'
                where id = '350500200001011111';
            
2021-06-02 12:02:08,394  customer.py : DEBUG  
                update contacts set name = '大恐龙'
                where cus_id = '350500200001011111';
            
2021-06-02 12:02:08,442  customer.py : INFO  [{'id': '350500200001011111', 'name': '大憨憨', 'phone': '123456', 'address': '憨憨家', 'cus_id': '350500200001011111', 'contacts.name': '大恐龙', 'contacts.phone': '181111', 'email': '666@hanhan.com', 'relation': '情侣'}]
2021-06-02 12:02:20,430  customer.py : INFO  ()
2021-06-02 12:02:20,480  customer.py : INFO  [{'id': '350500200001011111', 'name': '小憨憨', 'phone': '123456', 'address': '憨憨家', 'cus_id': '350500200001011111', 'contacts.name': '小恐龙', 'contacts.phone': '181111', 'email': '666@hanhan.com', 'relation': '情侣'}]
2021-06-02 12:02:20,529  customer.py : INFO  [{'id': '350500200001011111', 'name': '大憨憨', 'phone': '123456', 'address': '憨憨家', 'cus_id': '350500200001011111', 'contacts.name': '大恐龙', 'contacts.phone': '181111', 'email': '666@hanhan.com', 'relation': '情侣'}]
2021-06-02 12:03:13,601  customer.py : INFO  ()
2021-06-02 12:03:13,739  customer.py : INFO  [{'id': '350500200001011111', 'name': '小憨憨', 'phone': '123456', 'address': '憨憨家', 'cus_id': '350500200001011111', 'contacts.name': '小恐龙', 'contacts.phone': '181111', 'email': '666@hanhan.com', 'relation': '情侣'}]
2021-06-02 12:03:13,788  customer.py : INFO  [{'id': '350500200001011111', 'name': '大憨憨', 'phone': '123456', 'address': '憨憨家', 'cus_id': '350500200001011111', 'contacts.name': '大恐龙', 'contacts.phone': '181111', 'email': '666@hanhan.com', 'relation': '情侣'}]
2021-06-02 12:03:48,872  customer.py : INFO  ()
2021-06-02 12:03:48,945  customer.py : INFO  [{'id': '350500200001011111', 'name': '小憨憨', 'phone': '123456', 'address': '憨憨家', 'cus_id': '350500200001011111', 'contacts.name': '小恐龙', 'contacts.phone': '181111', 'email': '666@hanhan.com', 'relation': '情侣'}]
2021-06-02 12:03:48,994  customer.py : INFO  [{'id': '350500200001011111', 'name': '大憨憨', 'phone': '123456', 'address': '憨憨家', 'cus_id': '350500200001011111', 'contacts.name': '大恐龙', 'contacts.phone': '181111', 'email': '666@hanhan.com', 'relation': '情侣'}]
2021-06-02 12:03:59,532  customer.py : INFO  ()
2021-06-02 12:03:59,606  customer.py : INFO  [{'id': '350500200001011111', 'name': '小憨憨', 'phone': '123456', 'address': '憨憨家', 'cus_id': '350500200001011111', 'contacts.name': '小恐龙', 'contacts.phone': '181111', 'email': '666@hanhan.com', 'relation': '情侣'}]
2021-06-02 12:03:59,680  customer.py : INFO  [{'id': '350500200001011111', 'name': '大憨憨', 'phone': '123456', 'address': '憨憨家', 'cus_id': '350500200001011111', 'contacts.name': '大恐龙', 'contacts.phone': '181111', 'email': '666@hanhan.com', 'relation': '情侣'}]
2021-06-02 12:04:49,963  main.py : INFO  fuckinfo
2021-06-02 12:05:54,534  main.py : INFO  fuck info
2021-06-02 12:05:54,535  main.py : DEBUG  fuck debug
2021-06-02 12:06:19,200  main.py : INFO  fuck info
2021-06-02 12:06:19,200  main.py : DEBUG  fuck debug
2021-06-02 12:06:48,950  main.py : INFO  fuck info
2021-06-02 12:06:48,950  main.py : DEBUG  fuck debug
